TN:
SF:src\modules\appointments\services\CreateAppointmentService.ts
FN:16,(anonymous_18)
FN:18,CreateAppointmentService
FN:22,(anonymous_20)
FNF:3
FNH:3
FNDA:1,(anonymous_18)
FNDA:2,CreateAppointmentService
FNDA:3,(anonymous_20)
DA:1,1
DA:2,1
DA:4,1
DA:16,1
DA:20,2
DA:22,3
DA:24,3
DA:26,3
DA:28,3
DA:29,1
DA:32,2
DA:34,2
DA:37,1
DA:39,1
LF:14
LH:14
BRDA:28,0,0,1
BRDA:28,0,1,2
BRF:2
BRH:2
end_of_record
TN:
SF:src\modules\users\services\AuthenticateUserService.ts
FN:23,(anonymous_18)
FN:25,AuthenticateUserService
FN:33,(anonymous_20)
FNF:3
FNH:3
FNDA:1,(anonymous_18)
FNDA:4,AuthenticateUserService
FNDA:4,(anonymous_20)
DA:1,1
DA:2,1
DA:3,1
DA:5,1
DA:23,1
DA:27,4
DA:30,4
DA:33,4
DA:35,4
DA:37,4
DA:38,1
DA:41,3
DA:43,3
DA:44,1
DA:47,2
DA:49,2
DA:54,2
DA:57,1
DA:59,1
LF:19
LH:19
BRDA:35,0,0,4
BRDA:37,1,0,1
BRDA:37,1,1,3
BRDA:43,2,0,1
BRDA:43,2,1,2
BRF:5
BRH:5
end_of_record
TN:
SF:src\modules\users\services\CreateUserService.ts
FN:14,(anonymous_18)
FN:16,CreateUserService
FN:23,(anonymous_20)
FNF:3
FNH:3
FNDA:2,(anonymous_18)
FNDA:5,CreateUserService
FNDA:6,(anonymous_20)
DA:2,2
DA:5,2
DA:14,2
DA:18,5
DA:20,5
DA:23,6
DA:25,6
DA:27,6
DA:28,1
DA:31,5
DA:33,5
DA:35,5
DA:37,2
DA:39,2
LF:14
LH:14
BRDA:25,0,0,6
BRDA:27,1,0,1
BRDA:27,1,1,5
BRF:3
BRH:3
end_of_record
TN:
SF:src\modules\users\services\ResetPasswordService.ts
FN:18,(anonymous_18)
FN:19,ResetPasswordService
FN:30,(anonymous_20)
FNF:3
FNH:3
FNDA:1,(anonymous_18)
FNDA:4,ResetPasswordService
FNDA:4,(anonymous_20)
DA:1,1
DA:2,1
DA:4,1
DA:18,1
DA:21,4
DA:24,4
DA:27,4
DA:30,4
DA:32,4
DA:34,4
DA:36,3
DA:38,3
DA:40,2
DA:41,2
DA:43,2
DA:45,1
DA:47,2
DA:49,1
DA:51,1
LF:19
LH:19
BRDA:32,0,0,4
BRDA:34,1,0,1
BRDA:34,1,1,3
BRDA:36,2,0,0
BRDA:36,2,1,3
BRDA:36,3,0,3
BRDA:36,3,1,3
BRDA:38,4,0,1
BRDA:38,4,1,2
BRDA:43,5,0,1
BRDA:43,5,1,1
BRF:11
BRH:10
end_of_record
TN:
SF:src\modules\users\services\SendForgotPasswordEmailService.ts
FN:12,(anonymous_18)
FN:13,SendForgotPasswordEmailService
FN:24,(anonymous_20)
FNF:3
FNH:3
FNDA:1,(anonymous_18)
FNDA:3,SendForgotPasswordEmailService
FNDA:3,(anonymous_20)
DA:1,1
DA:4,1
DA:12,1
DA:15,3
DA:18,3
DA:21,3
DA:24,3
DA:26,3
DA:28,3
DA:29,1
DA:32,4
DA:34,2
DA:36,1
DA:38,1
LF:14
LH:14
BRDA:26,0,0,3
BRDA:28,1,0,1
BRDA:28,1,1,2
BRF:3
BRH:3
end_of_record
TN:
SF:src\modules\users\services\UpdateUserAvatarService.ts
FN:13,(anonymous_18)
FN:15,UpdateUserAvatarService
FN:23,(anonymous_20)
FNF:3
FNH:3
FNDA:1,(anonymous_18)
FNDA:3,UpdateUserAvatarService
FNDA:4,(anonymous_20)
DA:1,1
DA:4,1
DA:13,1
DA:17,3
DA:20,3
DA:23,4
DA:25,4
DA:27,4
DA:28,1
DA:31,5
DA:32,2
DA:35,3
DA:37,3
DA:39,6
DA:41,3
DA:43,1
DA:45,1
LF:17
LH:17
BRDA:25,0,0,4
BRDA:25,0,1,3
BRDA:27,1,0,1
BRDA:27,1,1,3
BRDA:31,2,0,2
BRDA:31,2,1,1
BRF:6
BRH:6
end_of_record
